Analysis & Synthesis report for main
Sun Jun 16 15:26:43 2024
Quartus Prime Version 18.1.0 Build 625 09/12/2018 SJ Lite Edition


---------------------
; Table of Contents ;
---------------------
  1. Legal Notice
  2. Analysis & Synthesis Summary
  3. Analysis & Synthesis Settings
  4. Parallel Compilation
  5. Analysis & Synthesis Source Files Read
  6. Analysis & Synthesis Resource Usage Summary
  7. Analysis & Synthesis Resource Utilization by Entity
  8. Analysis & Synthesis DSP Block Usage Summary
  9. Registers Removed During Synthesis
 10. General Register Statistics
 11. Inverted Register Statistics
 12. Multiplexer Restructuring Statistics (Restructuring Performed)
 13. Parameter Settings for Inferred Entity Instance: street_de10:inst|street_image:street|lpm_mult:Mult1
 14. Parameter Settings for Inferred Entity Instance: street_de10:inst|street_image:street|lpm_mult:Mult0
 15. lpm_mult Parameter Settings by Entity Instance
 16. Port Connectivity Checks: "street_de10:inst|street_image:street"
 17. Post-Synthesis Netlist Statistics for Top Partition
 18. Elapsed Time Per Partition
 19. Analysis & Synthesis Messages



----------------
; Legal Notice ;
----------------
Copyright (C) 2018  Intel Corporation. All rights reserved.
Your use of Intel Corporation's design tools, logic functions 
and other software and tools, and its AMPP partner logic 
functions, and any output files from any of the foregoing 
(including device programming or simulation files), and any 
associated documentation or information are expressly subject 
to the terms and conditions of the Intel Program License 
Subscription Agreement, the Intel Quartus Prime License Agreement,
the Intel FPGA IP License Agreement, or other applicable license
agreement, including, without limitation, that your use is for
the sole purpose of programming logic devices manufactured by
Intel and sold by Intel or its authorized distributors.  Please
refer to the applicable agreement for further details.



+----------------------------------------------------------------------------------+
; Analysis & Synthesis Summary                                                     ;
+------------------------------------+---------------------------------------------+
; Analysis & Synthesis Status        ; Successful - Sun Jun 16 15:26:43 2024       ;
; Quartus Prime Version              ; 18.1.0 Build 625 09/12/2018 SJ Lite Edition ;
; Revision Name                      ; main                                        ;
; Top-level Entity Name              ; main                                        ;
; Family                             ; MAX 10                                      ;
; Total logic elements               ; 283                                         ;
;     Total combinational functions  ; 247                                         ;
;     Dedicated logic registers      ; 151                                         ;
; Total registers                    ; 151                                         ;
; Total pins                         ; 16                                          ;
; Total virtual pins                 ; 0                                           ;
; Total memory bits                  ; 0                                           ;
; Embedded Multiplier 9-bit elements ; 2                                           ;
; Total PLLs                         ; 0                                           ;
; UFM blocks                         ; 0                                           ;
; ADC blocks                         ; 0                                           ;
+------------------------------------+---------------------------------------------+


+------------------------------------------------------------------------------------------------------------+
; Analysis & Synthesis Settings                                                                              ;
+------------------------------------------------------------------+--------------------+--------------------+
; Option                                                           ; Setting            ; Default Value      ;
+------------------------------------------------------------------+--------------------+--------------------+
; Device                                                           ; 10M50DAF484C7G     ;                    ;
; Top-level entity name                                            ; main               ; main               ;
; Family name                                                      ; MAX 10             ; Cyclone V          ;
; Use smart compilation                                            ; Off                ; Off                ;
; Enable parallel Assembler and Timing Analyzer during compilation ; On                 ; On                 ;
; Enable compact report table                                      ; Off                ; Off                ;
; Restructure Multiplexers                                         ; Auto               ; Auto               ;
; Create Debugging Nodes for IP Cores                              ; Off                ; Off                ;
; Preserve fewer node names                                        ; On                 ; On                 ;
; Intel FPGA IP Evaluation Mode                                    ; Enable             ; Enable             ;
; Verilog Version                                                  ; Verilog_2001       ; Verilog_2001       ;
; VHDL Version                                                     ; VHDL_1993          ; VHDL_1993          ;
; State Machine Processing                                         ; Auto               ; Auto               ;
; Safe State Machine                                               ; Off                ; Off                ;
; Extract Verilog State Machines                                   ; On                 ; On                 ;
; Extract VHDL State Machines                                      ; On                 ; On                 ;
; Ignore Verilog initial constructs                                ; Off                ; Off                ;
; Iteration limit for constant Verilog loops                       ; 5000               ; 5000               ;
; Iteration limit for non-constant Verilog loops                   ; 250                ; 250                ;
; Add Pass-Through Logic to Inferred RAMs                          ; On                 ; On                 ;
; Infer RAMs from Raw Logic                                        ; On                 ; On                 ;
; Parallel Synthesis                                               ; On                 ; On                 ;
; DSP Block Balancing                                              ; Auto               ; Auto               ;
; NOT Gate Push-Back                                               ; On                 ; On                 ;
; Power-Up Don't Care                                              ; On                 ; On                 ;
; Remove Redundant Logic Cells                                     ; Off                ; Off                ;
; Remove Duplicate Registers                                       ; On                 ; On                 ;
; Ignore CARRY Buffers                                             ; Off                ; Off                ;
; Ignore CASCADE Buffers                                           ; Off                ; Off                ;
; Ignore GLOBAL Buffers                                            ; Off                ; Off                ;
; Ignore ROW GLOBAL Buffers                                        ; Off                ; Off                ;
; Ignore LCELL Buffers                                             ; Off                ; Off                ;
; Ignore SOFT Buffers                                              ; On                 ; On                 ;
; Limit AHDL Integers to 32 Bits                                   ; Off                ; Off                ;
; Optimization Technique                                           ; Balanced           ; Balanced           ;
; Carry Chain Length                                               ; 70                 ; 70                 ;
; Auto Carry Chains                                                ; On                 ; On                 ;
; Auto Open-Drain Pins                                             ; On                 ; On                 ;
; Perform WYSIWYG Primitive Resynthesis                            ; Off                ; Off                ;
; Auto ROM Replacement                                             ; On                 ; On                 ;
; Auto RAM Replacement                                             ; On                 ; On                 ;
; Auto DSP Block Replacement                                       ; On                 ; On                 ;
; Auto Shift Register Replacement                                  ; Auto               ; Auto               ;
; Allow Shift Register Merging across Hierarchies                  ; Auto               ; Auto               ;
; Auto Clock Enable Replacement                                    ; On                 ; On                 ;
; Strict RAM Replacement                                           ; Off                ; Off                ;
; Allow Synchronous Control Signals                                ; On                 ; On                 ;
; Force Use of Synchronous Clear Signals                           ; Off                ; Off                ;
; Auto RAM Block Balancing                                         ; On                 ; On                 ;
; Auto RAM to Logic Cell Conversion                                ; Off                ; Off                ;
; Auto Resource Sharing                                            ; Off                ; Off                ;
; Allow Any RAM Size For Recognition                               ; Off                ; Off                ;
; Allow Any ROM Size For Recognition                               ; Off                ; Off                ;
; Allow Any Shift Register Size For Recognition                    ; Off                ; Off                ;
; Use LogicLock Constraints during Resource Balancing              ; On                 ; On                 ;
; Ignore translate_off and synthesis_off directives                ; Off                ; Off                ;
; Timing-Driven Synthesis                                          ; On                 ; On                 ;
; Report Parameter Settings                                        ; On                 ; On                 ;
; Report Source Assignments                                        ; On                 ; On                 ;
; Report Connectivity Checks                                       ; On                 ; On                 ;
; Ignore Maximum Fan-Out Assignments                               ; Off                ; Off                ;
; Synchronization Register Chain Length                            ; 2                  ; 2                  ;
; Power Optimization During Synthesis                              ; Normal compilation ; Normal compilation ;
; HDL message level                                                ; Level2             ; Level2             ;
; Suppress Register Optimization Related Messages                  ; Off                ; Off                ;
; Number of Removed Registers Reported in Synthesis Report         ; 5000               ; 5000               ;
; Number of Swept Nodes Reported in Synthesis Report               ; 5000               ; 5000               ;
; Number of Inverted Registers Reported in Synthesis Report        ; 100                ; 100                ;
; Clock MUX Protection                                             ; On                 ; On                 ;
; Auto Gated Clock Conversion                                      ; Off                ; Off                ;
; Block Design Naming                                              ; Auto               ; Auto               ;
; SDC constraint protection                                        ; Off                ; Off                ;
; Synthesis Effort                                                 ; Auto               ; Auto               ;
; Shift Register Replacement - Allow Asynchronous Clear Signal     ; On                 ; On                 ;
; Pre-Mapping Resynthesis Optimization                             ; Off                ; Off                ;
; Analysis & Synthesis Message Level                               ; Medium             ; Medium             ;
; Disable Register Merging Across Hierarchies                      ; Auto               ; Auto               ;
; Resource Aware Inference For Block RAM                           ; On                 ; On                 ;
+------------------------------------------------------------------+--------------------+--------------------+


+------------------------------------------+
; Parallel Compilation                     ;
+----------------------------+-------------+
; Processors                 ; Number      ;
+----------------------------+-------------+
; Number detected on machine ; 6           ;
; Maximum allowed            ; 6           ;
;                            ;             ;
; Average used               ; 1.00        ;
; Maximum used               ; 6           ;
;                            ;             ;
; Usage by Processor         ; % Time Used ;
;     Processor 1            ; 100.0%      ;
;     Processor 2            ;   0.0%      ;
;     Processors 3-6         ;   0.0%      ;
+----------------------------+-------------+


+--------------------------------------------------------------------------------------------------------------------------------------------------------------------------------------------------------+
; Analysis & Synthesis Source Files Read                                                                                                                                                                 ;
+----------------------------------+-----------------+------------------------------------+----------------------------------------------------------------------------------------------------+---------+
; File Name with User-Entered Path ; Used in Netlist ; File Type                          ; File Name with Absolute Path                                                                       ; Library ;
+----------------------------------+-----------------+------------------------------------+----------------------------------------------------------------------------------------------------+---------+
; main.bdf                         ; yes             ; User Block Diagram/Schematic File  ; D:/Joule/Documents/Jhony/Universidade/UTFPR/2024.1/.cd/Quartus-Labs/Projeto Final/main.bdf         ;         ;
; street_de10.vhd                  ; yes             ; User VHDL File                     ; D:/Joule/Documents/Jhony/Universidade/UTFPR/2024.1/.cd/Quartus-Labs/Projeto Final/street_de10.vhd  ;         ;
; street_image.vhd                 ; yes             ; User VHDL File                     ; D:/Joule/Documents/Jhony/Universidade/UTFPR/2024.1/.cd/Quartus-Labs/Projeto Final/street_image.vhd ;         ;
; lpm_mult.tdf                     ; yes             ; Megafunction                       ; c:/intelfpga_lite/18.1/quartus/libraries/megafunctions/lpm_mult.tdf                                ;         ;
; aglobal181.inc                   ; yes             ; Megafunction                       ; c:/intelfpga_lite/18.1/quartus/libraries/megafunctions/aglobal181.inc                              ;         ;
; lpm_add_sub.inc                  ; yes             ; Megafunction                       ; c:/intelfpga_lite/18.1/quartus/libraries/megafunctions/lpm_add_sub.inc                             ;         ;
; multcore.inc                     ; yes             ; Megafunction                       ; c:/intelfpga_lite/18.1/quartus/libraries/megafunctions/multcore.inc                                ;         ;
; bypassff.inc                     ; yes             ; Megafunction                       ; c:/intelfpga_lite/18.1/quartus/libraries/megafunctions/bypassff.inc                                ;         ;
; altshift.inc                     ; yes             ; Megafunction                       ; c:/intelfpga_lite/18.1/quartus/libraries/megafunctions/altshift.inc                                ;         ;
; db/mult_vds.tdf                  ; yes             ; Auto-Generated Megafunction        ; D:/Joule/Documents/Jhony/Universidade/UTFPR/2024.1/.cd/Quartus-Labs/Projeto Final/db/mult_vds.tdf  ;         ;
; db/mult_4ls.tdf                  ; yes             ; Auto-Generated Megafunction        ; D:/Joule/Documents/Jhony/Universidade/UTFPR/2024.1/.cd/Quartus-Labs/Projeto Final/db/mult_4ls.tdf  ;         ;
+----------------------------------+-----------------+------------------------------------+----------------------------------------------------------------------------------------------------+---------+


+-----------------------------------------------------------------------+
; Analysis & Synthesis Resource Usage Summary                           ;
+---------------------------------------------+-------------------------+
; Resource                                    ; Usage                   ;
+---------------------------------------------+-------------------------+
; Estimated Total logic elements              ; 283                     ;
;                                             ;                         ;
; Total combinational functions               ; 247                     ;
; Logic element usage by number of LUT inputs ;                         ;
;     -- 4 input functions                    ; 48                      ;
;     -- 3 input functions                    ; 78                      ;
;     -- <=2 input functions                  ; 121                     ;
;                                             ;                         ;
; Logic elements by mode                      ;                         ;
;     -- normal mode                          ; 117                     ;
;     -- arithmetic mode                      ; 130                     ;
;                                             ;                         ;
; Total registers                             ; 151                     ;
;     -- Dedicated logic registers            ; 151                     ;
;     -- I/O registers                        ; 0                       ;
;                                             ;                         ;
; I/O pins                                    ; 16                      ;
;                                             ;                         ;
; Embedded Multiplier 9-bit elements          ; 2                       ;
;                                             ;                         ;
; Maximum fan-out node                        ; street_de10:inst|clk_25 ;
; Maximum fan-out                             ; 146                     ;
; Total fan-out                               ; 1090                    ;
; Average fan-out                             ; 2.51                    ;
+---------------------------------------------+-------------------------+


+--------------------------------------------------------------------------------------------------------------------------------------------------------------------------------------------------------------------------------------------------------------------------------------------------------------+
; Analysis & Synthesis Resource Utilization by Entity                                                                                                                                                                                                                                                          ;
+---------------------------------------+---------------------+---------------------------+-------------+------------+--------------+---------+-----------+------+--------------+------------+-----------------------------------------------------------------------------------+--------------+--------------+
; Compilation Hierarchy Node            ; Combinational ALUTs ; Dedicated Logic Registers ; Memory Bits ; UFM Blocks ; DSP Elements ; DSP 9x9 ; DSP 18x18 ; Pins ; Virtual Pins ; ADC blocks ; Full Hierarchy Name                                                               ; Entity Name  ; Library Name ;
+---------------------------------------+---------------------+---------------------------+-------------+------------+--------------+---------+-----------+------+--------------+------------+-----------------------------------------------------------------------------------+--------------+--------------+
; |main                                 ; 247 (1)             ; 151 (0)                   ; 0           ; 0          ; 2            ; 2       ; 0         ; 16   ; 0            ; 0          ; |main                                                                             ; main         ; work         ;
;    |street_de10:inst|                 ; 246 (6)             ; 151 (6)                   ; 0           ; 0          ; 2            ; 2       ; 0         ; 0    ; 0            ; 0          ; |main|street_de10:inst                                                            ; street_de10  ; work         ;
;       |street_image:street|           ; 240 (240)           ; 145 (145)                 ; 0           ; 0          ; 2            ; 2       ; 0         ; 0    ; 0            ; 0          ; |main|street_de10:inst|street_image:street                                        ; street_image ; work         ;
;          |lpm_mult:Mult0|             ; 0 (0)               ; 0 (0)                     ; 0           ; 0          ; 1            ; 1       ; 0         ; 0    ; 0            ; 0          ; |main|street_de10:inst|street_image:street|lpm_mult:Mult0                         ; lpm_mult     ; work         ;
;             |mult_4ls:auto_generated| ; 0 (0)               ; 0 (0)                     ; 0           ; 0          ; 1            ; 1       ; 0         ; 0    ; 0            ; 0          ; |main|street_de10:inst|street_image:street|lpm_mult:Mult0|mult_4ls:auto_generated ; mult_4ls     ; work         ;
;          |lpm_mult:Mult1|             ; 0 (0)               ; 0 (0)                     ; 0           ; 0          ; 1            ; 1       ; 0         ; 0    ; 0            ; 0          ; |main|street_de10:inst|street_image:street|lpm_mult:Mult1                         ; lpm_mult     ; work         ;
;             |mult_vds:auto_generated| ; 0 (0)               ; 0 (0)                     ; 0           ; 0          ; 1            ; 1       ; 0         ; 0    ; 0            ; 0          ; |main|street_de10:inst|street_image:street|lpm_mult:Mult1|mult_vds:auto_generated ; mult_vds     ; work         ;
+---------------------------------------+---------------------+---------------------------+-------------+------------+--------------+---------+-----------+------+--------------+------------+-----------------------------------------------------------------------------------+--------------+--------------+
Note: For table entries with two numbers listed, the numbers in parentheses indicate the number of resources of the given type used by the specific entity alone. The numbers listed outside of parentheses indicate the total resources of the given type used by the specific entity and all of its sub-entities in the hierarchy.


+-----------------------------------------------------+
; Analysis & Synthesis DSP Block Usage Summary        ;
+---------------------------------------+-------------+
; Statistic                             ; Number Used ;
+---------------------------------------+-------------+
; Simple Multipliers (9-bit)            ; 2           ;
; Simple Multipliers (18-bit)           ; 0           ;
; Embedded Multiplier Blocks            ; --          ;
; Embedded Multiplier 9-bit elements    ; 2           ;
; Signed Embedded Multipliers           ; 1           ;
; Unsigned Embedded Multipliers         ; 1           ;
; Mixed Sign Embedded Multipliers       ; 0           ;
; Variable Sign Embedded Multipliers    ; 0           ;
; Dedicated Input Shift Register Chains ; 0           ;
+---------------------------------------+-------------+
Note: number of Embedded Multiplier Blocks used is only available after a successful fit.


+-------------------------------------------------------------------------------------------------------------------+
; Registers Removed During Synthesis                                                                                ;
+---------------------------------------------------+---------------------------------------------------------------+
; Register name                                     ; Reason for Removal                                            ;
+---------------------------------------------------+---------------------------------------------------------------+
; street_de10:inst|street_image:street|x_value_c[9] ; Stuck at GND due to stuck port data_in                        ;
; street_de10:inst|street_image:street|x_value_b[9] ; Stuck at GND due to stuck port data_in                        ;
; street_de10:inst|street_image:street|x_value_a[9] ; Stuck at GND due to stuck port data_in                        ;
; street_de10:inst|street_image:street|x_value_a[1] ; Merged with street_de10:inst|street_image:street|x_value_c[1] ;
; street_de10:inst|street_image:street|x_value_a[0] ; Merged with street_de10:inst|street_image:street|x_value_c[0] ;
; street_de10:inst|street_image:street|rgb_2[7]     ; Merged with street_de10:inst|street_image:street|rgb_2[23]    ;
; street_de10:inst|street_image:street|rgb_2[13,20] ; Merged with street_de10:inst|street_image:street|rgb_2[22]    ;
; street_de10:inst|street_image:street|rgb_2[14]    ; Merged with street_de10:inst|street_image:street|rgb_2[21]    ;
; street_de10:inst|street_image:street|rgb_2[4]     ; Merged with street_de10:inst|street_image:street|rgb_2[5]     ;
; street_de10:inst|street_image:street|v_pos_1[2]   ; Merged with street_de10:inst|street_image:street|x_value_b[0] ;
; Total Number of Removed Registers = 11            ;                                                               ;
+---------------------------------------------------+---------------------------------------------------------------+


+------------------------------------------------------+
; General Register Statistics                          ;
+----------------------------------------------+-------+
; Statistic                                    ; Value ;
+----------------------------------------------+-------+
; Total registers                              ; 151   ;
; Number of registers using Synchronous Clear  ; 29    ;
; Number of registers using Synchronous Load   ; 20    ;
; Number of registers using Asynchronous Clear ; 0     ;
; Number of registers using Asynchronous Load  ; 0     ;
; Number of registers using Clock Enable       ; 28    ;
; Number of registers using Preset             ; 0     ;
+----------------------------------------------+-------+


+--------------------------------------------------------------+
; Inverted Register Statistics                                 ;
+----------------------------------------------------+---------+
; Inverted Register                                  ; Fan out ;
+----------------------------------------------------+---------+
; street_de10:inst|street_image:street|v_pos_1[10]   ; 4       ;
; street_de10:inst|street_image:street|v_pos_1[5]    ; 3       ;
; street_de10:inst|street_image:street|v_pos_1[8]    ; 3       ;
; street_de10:inst|street_image:street|v_pos_1[9]    ; 4       ;
; street_de10:inst|street_image:street|this_curve[7] ; 2       ;
; street_de10:inst|street_image:street|curve[7]      ; 1       ;
; street_de10:inst|street_image:street|v_pos_1[3]    ; 1       ;
; street_de10:inst|street_image:street|v_pos_1[4]    ; 1       ;
; Total number of inverted registers = 8             ;         ;
+----------------------------------------------------+---------+


+-----------------------------------------------------------------------------------------------------------------------------------------------------------------------+
; Multiplexer Restructuring Statistics (Restructuring Performed)                                                                                                        ;
+--------------------+-----------+---------------+----------------------+------------------------+------------+---------------------------------------------------------+
; Multiplexer Inputs ; Bus Width ; Baseline Area ; Area if Restructured ; Saving if Restructured ; Registered ; Example Multiplexer Output                              ;
+--------------------+-----------+---------------+----------------------+------------------------+------------+---------------------------------------------------------+
; 3:1                ; 10 bits   ; 20 LEs        ; 10 LEs               ; 10 LEs                 ; Yes        ; |main|street_de10:inst|street_image:street|h_count[9]   ;
; 3:1                ; 2 bits    ; 4 LEs         ; 4 LEs                ; 0 LEs                  ; Yes        ; |main|street_de10:inst|street_image:street|rgb_2[22]    ;
; 4:1                ; 10 bits   ; 20 LEs        ; 10 LEs               ; 10 LEs                 ; Yes        ; |main|street_de10:inst|street_image:street|v_count[9]   ;
; 4:1                ; 10 bits   ; 20 LEs        ; 20 LEs               ; 0 LEs                  ; Yes        ; |main|street_de10:inst|street_image:street|frame_num[1] ;
; 5:1                ; 3 bits    ; 9 LEs         ; 9 LEs                ; 0 LEs                  ; Yes        ; |main|street_de10:inst|street_image:street|rgb_2[6]     ;
; 5:1                ; 8 bits    ; 24 LEs        ; 16 LEs               ; 8 LEs                  ; Yes        ; |main|street_de10:inst|street_image:street|curve[7]     ;
+--------------------+-----------+---------------+----------------------+------------------------+------------+---------------------------------------------------------+


+------------------------------------------------------------------------------------------------------+
; Parameter Settings for Inferred Entity Instance: street_de10:inst|street_image:street|lpm_mult:Mult1 ;
+------------------------------------------------+----------+------------------------------------------+
; Parameter Name                                 ; Value    ; Type                                     ;
+------------------------------------------------+----------+------------------------------------------+
; AUTO_CARRY_CHAINS                              ; ON       ; AUTO_CARRY                               ;
; IGNORE_CARRY_BUFFERS                           ; OFF      ; IGNORE_CARRY                             ;
; AUTO_CASCADE_CHAINS                            ; ON       ; AUTO_CASCADE                             ;
; IGNORE_CASCADE_BUFFERS                         ; OFF      ; IGNORE_CASCADE                           ;
; LPM_WIDTHA                                     ; 8        ; Untyped                                  ;
; LPM_WIDTHB                                     ; 9        ; Untyped                                  ;
; LPM_WIDTHP                                     ; 17       ; Untyped                                  ;
; LPM_WIDTHR                                     ; 17       ; Untyped                                  ;
; LPM_WIDTHS                                     ; 1        ; Untyped                                  ;
; LPM_REPRESENTATION                             ; SIGNED   ; Untyped                                  ;
; LPM_PIPELINE                                   ; 0        ; Untyped                                  ;
; LATENCY                                        ; 0        ; Untyped                                  ;
; INPUT_A_IS_CONSTANT                            ; NO       ; Untyped                                  ;
; INPUT_B_IS_CONSTANT                            ; NO       ; Untyped                                  ;
; USE_EAB                                        ; OFF      ; Untyped                                  ;
; MAXIMIZE_SPEED                                 ; 5        ; Untyped                                  ;
; DEVICE_FAMILY                                  ; MAX 10   ; Untyped                                  ;
; CARRY_CHAIN                                    ; MANUAL   ; Untyped                                  ;
; APEX20K_TECHNOLOGY_MAPPER                      ; LUT      ; TECH_MAPPER_APEX20K                      ;
; DEDICATED_MULTIPLIER_CIRCUITRY                 ; AUTO     ; Untyped                                  ;
; DEDICATED_MULTIPLIER_MIN_INPUT_WIDTH_FOR_AUTO  ; 0        ; Untyped                                  ;
; DEDICATED_MULTIPLIER_MIN_OUTPUT_WIDTH_FOR_AUTO ; 0        ; Untyped                                  ;
; CBXI_PARAMETER                                 ; mult_vds ; Untyped                                  ;
; INPUT_A_FIXED_VALUE                            ; Bx       ; Untyped                                  ;
; INPUT_B_FIXED_VALUE                            ; Bx       ; Untyped                                  ;
; USE_AHDL_IMPLEMENTATION                        ; OFF      ; Untyped                                  ;
+------------------------------------------------+----------+------------------------------------------+
Note: In order to hide this table in the UI and the text report file, please set the "Show Parameter Settings in Synthesis Report" option in "Analysis and Synthesis Settings -> More Settings" to "Off".


+------------------------------------------------------------------------------------------------------+
; Parameter Settings for Inferred Entity Instance: street_de10:inst|street_image:street|lpm_mult:Mult0 ;
+------------------------------------------------+----------+------------------------------------------+
; Parameter Name                                 ; Value    ; Type                                     ;
+------------------------------------------------+----------+------------------------------------------+
; AUTO_CARRY_CHAINS                              ; ON       ; AUTO_CARRY                               ;
; IGNORE_CARRY_BUFFERS                           ; OFF      ; IGNORE_CARRY                             ;
; AUTO_CASCADE_CHAINS                            ; ON       ; AUTO_CASCADE                             ;
; IGNORE_CASCADE_BUFFERS                         ; OFF      ; IGNORE_CASCADE                           ;
; LPM_WIDTHA                                     ; 9        ; Untyped                                  ;
; LPM_WIDTHB                                     ; 9        ; Untyped                                  ;
; LPM_WIDTHP                                     ; 18       ; Untyped                                  ;
; LPM_WIDTHR                                     ; 18       ; Untyped                                  ;
; LPM_WIDTHS                                     ; 1        ; Untyped                                  ;
; LPM_REPRESENTATION                             ; UNSIGNED ; Untyped                                  ;
; LPM_PIPELINE                                   ; 0        ; Untyped                                  ;
; LATENCY                                        ; 0        ; Untyped                                  ;
; INPUT_A_IS_CONSTANT                            ; NO       ; Untyped                                  ;
; INPUT_B_IS_CONSTANT                            ; NO       ; Untyped                                  ;
; USE_EAB                                        ; OFF      ; Untyped                                  ;
; MAXIMIZE_SPEED                                 ; 5        ; Untyped                                  ;
; DEVICE_FAMILY                                  ; MAX 10   ; Untyped                                  ;
; CARRY_CHAIN                                    ; MANUAL   ; Untyped                                  ;
; APEX20K_TECHNOLOGY_MAPPER                      ; LUT      ; TECH_MAPPER_APEX20K                      ;
; DEDICATED_MULTIPLIER_CIRCUITRY                 ; AUTO     ; Untyped                                  ;
; DEDICATED_MULTIPLIER_MIN_INPUT_WIDTH_FOR_AUTO  ; 0        ; Untyped                                  ;
; DEDICATED_MULTIPLIER_MIN_OUTPUT_WIDTH_FOR_AUTO ; 0        ; Untyped                                  ;
; CBXI_PARAMETER                                 ; mult_4ls ; Untyped                                  ;
; INPUT_A_FIXED_VALUE                            ; Bx       ; Untyped                                  ;
; INPUT_B_FIXED_VALUE                            ; Bx       ; Untyped                                  ;
; USE_AHDL_IMPLEMENTATION                        ; OFF      ; Untyped                                  ;
+------------------------------------------------+----------+------------------------------------------+
Note: In order to hide this table in the UI and the text report file, please set the "Show Parameter Settings in Synthesis Report" option in "Analysis and Synthesis Settings -> More Settings" to "Off".


+---------------------------------------------------------------------------------------------+
; lpm_mult Parameter Settings by Entity Instance                                              ;
+---------------------------------------+-----------------------------------------------------+
; Name                                  ; Value                                               ;
+---------------------------------------+-----------------------------------------------------+
; Number of entity instances            ; 2                                                   ;
; Entity Instance                       ; street_de10:inst|street_image:street|lpm_mult:Mult1 ;
;     -- LPM_WIDTHA                     ; 8                                                   ;
;     -- LPM_WIDTHB                     ; 9                                                   ;
;     -- LPM_WIDTHP                     ; 17                                                  ;
;     -- LPM_REPRESENTATION             ; SIGNED                                              ;
;     -- INPUT_A_IS_CONSTANT            ; NO                                                  ;
;     -- INPUT_B_IS_CONSTANT            ; NO                                                  ;
;     -- USE_EAB                        ; OFF                                                 ;
;     -- DEDICATED_MULTIPLIER_CIRCUITRY ; AUTO                                                ;
;     -- INPUT_A_FIXED_VALUE            ; Bx                                                  ;
;     -- INPUT_B_FIXED_VALUE            ; Bx                                                  ;
; Entity Instance                       ; street_de10:inst|street_image:street|lpm_mult:Mult0 ;
;     -- LPM_WIDTHA                     ; 9                                                   ;
;     -- LPM_WIDTHB                     ; 9                                                   ;
;     -- LPM_WIDTHP                     ; 18                                                  ;
;     -- LPM_REPRESENTATION             ; UNSIGNED                                            ;
;     -- INPUT_A_IS_CONSTANT            ; NO                                                  ;
;     -- INPUT_B_IS_CONSTANT            ; NO                                                  ;
;     -- USE_EAB                        ; OFF                                                 ;
;     -- DEDICATED_MULTIPLIER_CIRCUITRY ; AUTO                                                ;
;     -- INPUT_A_FIXED_VALUE            ; Bx                                                  ;
;     -- INPUT_B_FIXED_VALUE            ; Bx                                                  ;
+---------------------------------------+-----------------------------------------------------+


+-----------------------------------------------------------------------------------------------------------------------+
; Port Connectivity Checks: "street_de10:inst|street_image:street"                                                      ;
+-------------+--------+----------+-------------------------------------------------------------------------------------+
; Port        ; Type   ; Severity ; Details                                                                             ;
+-------------+--------+----------+-------------------------------------------------------------------------------------+
; de_out      ; Output ; Info     ; Connected to dangling logic. Logic that only feeds a dangling port will be removed. ;
; r_out[3..0] ; Output ; Info     ; Connected to dangling logic. Logic that only feeds a dangling port will be removed. ;
; g_out[3..0] ; Output ; Info     ; Connected to dangling logic. Logic that only feeds a dangling port will be removed. ;
; b_out[3..0] ; Output ; Info     ; Connected to dangling logic. Logic that only feeds a dangling port will be removed. ;
+-------------+--------+----------+-------------------------------------------------------------------------------------+


+-----------------------------------------------------+
; Post-Synthesis Netlist Statistics for Top Partition ;
+-----------------------+-----------------------------+
; Type                  ; Count                       ;
+-----------------------+-----------------------------+
; boundary_port         ; 16                          ;
; cycloneiii_ff         ; 151                         ;
;     ENA               ; 8                           ;
;     ENA SCLR          ; 10                          ;
;     ENA SLD           ; 10                          ;
;     SCLR              ; 19                          ;
;     SLD               ; 10                          ;
;     plain             ; 94                          ;
; cycloneiii_lcell_comb ; 247                         ;
;     arith             ; 130                         ;
;         2 data inputs ; 74                          ;
;         3 data inputs ; 56                          ;
;     normal            ; 117                         ;
;         0 data inputs ; 4                           ;
;         1 data inputs ; 20                          ;
;         2 data inputs ; 23                          ;
;         3 data inputs ; 22                          ;
;         4 data inputs ; 48                          ;
; cycloneiii_mac_mult   ; 2                           ;
; cycloneiii_mac_out    ; 2                           ;
;                       ;                             ;
; Max LUT depth         ; 7.00                        ;
; Average LUT depth     ; 2.46                        ;
+-----------------------+-----------------------------+


+-------------------------------+
; Elapsed Time Per Partition    ;
+----------------+--------------+
; Partition Name ; Elapsed Time ;
+----------------+--------------+
; Top            ; 00:00:00     ;
+----------------+--------------+


+-------------------------------+
; Analysis & Synthesis Messages ;
+-------------------------------+
Info: *******************************************************************
Info: Running Quartus Prime Analysis & Synthesis
    Info: Version 18.1.0 Build 625 09/12/2018 SJ Lite Edition
    Info: Processing started: Sun Jun 16 15:26:32 2024
Info: Command: quartus_map --read_settings_files=on --write_settings_files=off main -c main
Warning (18236): Number of processors has not been specified which may cause overloading on shared machines.  Set the global assignment NUM_PARALLEL_PROCESSORS in your QSF to an appropriate value for best performance.
Info (20030): Parallel compilation is enabled and will use 6 of the 6 processors detected
Info (12021): Found 1 design units, including 1 entities, in source file main.bdf
    Info (12023): Found entity 1: main
Info (12021): Found 2 design units, including 1 entities, in source file sim_street_de10.vhd
    Info (12022): Found design unit 1: sim_street_de10-sim File: D:/Joule/Documents/Jhony/Universidade/UTFPR/2024.1/.cd/Quartus-Labs/Projeto Final/sim_street_de10.vhd Line: 14
    Info (12023): Found entity 1: sim_street_de10 File: D:/Joule/Documents/Jhony/Universidade/UTFPR/2024.1/.cd/Quartus-Labs/Projeto Final/sim_street_de10.vhd Line: 11
Info (12021): Found 2 design units, including 1 entities, in source file sim_street_image.vhd
    Info (12022): Found design unit 1: sim_street_image-sim File: D:/Joule/Documents/Jhony/Universidade/UTFPR/2024.1/.cd/Quartus-Labs/Projeto Final/sim_street_image.vhd Line: 15
    Info (12023): Found entity 1: sim_street_image File: D:/Joule/Documents/Jhony/Universidade/UTFPR/2024.1/.cd/Quartus-Labs/Projeto Final/sim_street_image.vhd Line: 12
Info (12021): Found 2 design units, including 1 entities, in source file street_de10.vhd
    Info (12022): Found design unit 1: street_de10-shell File: D:/Joule/Documents/Jhony/Universidade/UTFPR/2024.1/.cd/Quartus-Labs/Projeto Final/street_de10.vhd Line: 24
    Info (12023): Found entity 1: street_de10 File: D:/Joule/Documents/Jhony/Universidade/UTFPR/2024.1/.cd/Quartus-Labs/Projeto Final/street_de10.vhd Line: 14
Info (12021): Found 2 design units, including 1 entities, in source file street_image.vhd
    Info (12022): Found design unit 1: street_image-behave File: D:/Joule/Documents/Jhony/Universidade/UTFPR/2024.1/.cd/Quartus-Labs/Projeto Final/street_image.vhd Line: 23
    Info (12023): Found entity 1: street_image File: D:/Joule/Documents/Jhony/Universidade/UTFPR/2024.1/.cd/Quartus-Labs/Projeto Final/street_image.vhd Line: 12
Info (12127): Elaborating entity "main" for the top level hierarchy
Info (12128): Elaborating entity "street_de10" for hierarchy "street_de10:inst"
Info (12128): Elaborating entity "street_image" for hierarchy "street_de10:inst|street_image:street" File: D:/Joule/Documents/Jhony/Universidade/UTFPR/2024.1/.cd/Quartus-Labs/Projeto Final/street_de10.vhd Line: 56
Warning (10036): Verilog HDL or VHDL warning at street_image.vhd(46): object "h_pos_1" assigned a value but never read File: D:/Joule/Documents/Jhony/Universidade/UTFPR/2024.1/.cd/Quartus-Labs/Projeto Final/street_image.vhd Line: 46
Info (278001): Inferred 2 megafunctions from design logic
    Info (278003): Inferred multiplier megafunction ("lpm_mult") from the following logic: "street_de10:inst|street_image:street|Mult1" File: D:/Joule/Documents/Jhony/Universidade/UTFPR/2024.1/.cd/Quartus-Labs/Projeto Final/street_image.vhd Line: 125
    Info (278003): Inferred multiplier megafunction ("lpm_mult") from the following logic: "street_de10:inst|street_image:street|Mult0" File: D:/Joule/Documents/Jhony/Universidade/UTFPR/2024.1/.cd/Quartus-Labs/Projeto Final/street_image.vhd Line: 123
Info (12130): Elaborated megafunction instantiation "street_de10:inst|street_image:street|lpm_mult:Mult1" File: D:/Joule/Documents/Jhony/Universidade/UTFPR/2024.1/.cd/Quartus-Labs/Projeto Final/street_image.vhd Line: 125
Info (12133): Instantiated megafunction "street_de10:inst|street_image:street|lpm_mult:Mult1" with the following parameter: File: D:/Joule/Documents/Jhony/Universidade/UTFPR/2024.1/.cd/Quartus-Labs/Projeto Final/street_image.vhd Line: 125
    Info (12134): Parameter "LPM_WIDTHA" = "8"
    Info (12134): Parameter "LPM_WIDTHB" = "9"
    Info (12134): Parameter "LPM_WIDTHP" = "17"
    Info (12134): Parameter "LPM_WIDTHR" = "17"
    Info (12134): Parameter "LPM_WIDTHS" = "1"
    Info (12134): Parameter "LPM_REPRESENTATION" = "SIGNED"
    Info (12134): Parameter "INPUT_A_IS_CONSTANT" = "NO"
    Info (12134): Parameter "INPUT_B_IS_CONSTANT" = "NO"
    Info (12134): Parameter "MAXIMIZE_SPEED" = "5"
Info (12021): Found 1 design units, including 1 entities, in source file db/mult_vds.tdf
    Info (12023): Found entity 1: mult_vds File: D:/Joule/Documents/Jhony/Universidade/UTFPR/2024.1/.cd/Quartus-Labs/Projeto Final/db/mult_vds.tdf Line: 28
Info (12130): Elaborated megafunction instantiation "street_de10:inst|street_image:street|lpm_mult:Mult0" File: D:/Joule/Documents/Jhony/Universidade/UTFPR/2024.1/.cd/Quartus-Labs/Projeto Final/street_image.vhd Line: 123
Info (12133): Instantiated megafunction "street_de10:inst|street_image:street|lpm_mult:Mult0" with the following parameter: File: D:/Joule/Documents/Jhony/Universidade/UTFPR/2024.1/.cd/Quartus-Labs/Projeto Final/street_image.vhd Line: 123
    Info (12134): Parameter "LPM_WIDTHA" = "9"
    Info (12134): Parameter "LPM_WIDTHB" = "9"
    Info (12134): Parameter "LPM_WIDTHP" = "18"
    Info (12134): Parameter "LPM_WIDTHR" = "18"
    Info (12134): Parameter "LPM_WIDTHS" = "1"
    Info (12134): Parameter "LPM_REPRESENTATION" = "UNSIGNED"
    Info (12134): Parameter "INPUT_A_IS_CONSTANT" = "NO"
    Info (12134): Parameter "INPUT_B_IS_CONSTANT" = "NO"
    Info (12134): Parameter "MAXIMIZE_SPEED" = "5"
Info (12021): Found 1 design units, including 1 entities, in source file db/mult_4ls.tdf
    Info (12023): Found entity 1: mult_4ls File: D:/Joule/Documents/Jhony/Universidade/UTFPR/2024.1/.cd/Quartus-Labs/Projeto Final/db/mult_4ls.tdf Line: 28
Info (286030): Timing-Driven Synthesis is running
Info (16010): Generating hard_block partition "hard_block:auto_generated_inst"
    Info (16011): Adding 0 node(s), including 0 DDIO, 0 PLL, 0 transceiver and 0 LCELL
Info (21057): Implemented 303 device resources after synthesis - the final resource count might be different
    Info (21058): Implemented 2 input pins
    Info (21059): Implemented 14 output pins
    Info (21061): Implemented 285 logic cells
    Info (21062): Implemented 2 DSP elements
Info: Quartus Prime Analysis & Synthesis was successful. 0 errors, 2 warnings
    Info: Peak virtual memory: 4810 megabytes
    Info: Processing ended: Sun Jun 16 15:26:43 2024
    Info: Elapsed time: 00:00:11
    Info: Total CPU time (on all processors): 00:00:05


