Flow report for FlipFlop
Fri Apr 05 19:26:52 2024
Quartus Prime Version 18.1.0 Build 625 09/12/2018 SJ Lite Edition


---------------------
; Table of Contents ;
---------------------
  1. Legal Notice
  2. Flow Summary
  3. Flow Settings
  4. Flow Non-Default Global Settings
  5. Flow Elapsed Time
  6. Flow OS Summary
  7. Flow Log
  8. Flow Messages
  9. Flow Suppressed Messages



----------------
; Legal Notice ;
----------------
Copyright (C) 2018  Intel Corporation. All rights reserved.
Your use of Intel Corporation's design tools, logic functions 
and other software and tools, and its AMPP partner logic 
functions, and any output files from any of the foregoing 
(including device programming or simulation files), and any 
associated documentation or information are expressly subject 
to the terms and conditions of the Intel Program License 
Subscription Agreement, the Intel Quartus Prime License Agreement,
the Intel FPGA IP License Agreement, or other applicable license
agreement, including, without limitation, that your use is for
the sole purpose of programming logic devices manufactured by
Intel and sold by Intel or its authorized distributors.  Please
refer to the applicable agreement for further details.



+----------------------------------------------------------------------------------+
; Flow Summary                                                                     ;
+------------------------------------+---------------------------------------------+
; Flow Status                        ; Successful - Fri Apr 05 19:26:52 2024       ;
; Quartus Prime Version              ; 18.1.0 Build 625 09/12/2018 SJ Lite Edition ;
; Revision Name                      ; FlipFlop                                    ;
; Top-level Entity Name              ; Contador                                    ;
; Family                             ; MAX 10                                      ;
; Device                             ; 10M50DAF484C7G                              ;
; Timing Models                      ; Final                                       ;
; Total logic elements               ; 8 / 49,760 ( < 1 % )                        ;
;     Total combinational functions  ; 5 / 49,760 ( < 1 % )                        ;
;     Dedicated logic registers      ; 4 / 49,760 ( < 1 % )                        ;
; Total registers                    ; 4                                           ;
; Total pins                         ; 5 / 360 ( 1 % )                             ;
; Total virtual pins                 ; 0                                           ;
; Total memory bits                  ; 0 / 1,677,312 ( 0 % )                       ;
; Embedded Multiplier 9-bit elements ; 0 / 288 ( 0 % )                             ;
; Total PLLs                         ; 0 / 4 ( 0 % )                               ;
; UFM blocks                         ; 0 / 1 ( 0 % )                               ;
; ADC blocks                         ; 0 / 2 ( 0 % )                               ;
+------------------------------------+---------------------------------------------+


+-----------------------------------------+
; Flow Settings                           ;
+-------------------+---------------------+
; Option            ; Setting             ;
+-------------------+---------------------+
; Start date & time ; 04/05/2024 19:26:06 ;
; Main task         ; Compilation         ;
; Revision Name     ; FlipFlop            ;
+-------------------+---------------------+


+-------------------------------------------------------------------------------------------------------------------------+
; Flow Non-Default Global Settings                                                                                        ;
+-------------------------------------+----------------------------------------+---------------+-------------+------------+
; Assignment Name                     ; Value                                  ; Default Value ; Entity Name ; Section Id ;
+-------------------------------------+----------------------------------------+---------------+-------------+------------+
; COMPILER_SIGNATURE_ID               ; 9413555127444.171235596603716          ; --            ; --          ; --         ;
; MAX_CORE_JUNCTION_TEMP              ; 85                                     ; --            ; --          ; --         ;
; MIN_CORE_JUNCTION_TEMP              ; 0                                      ; --            ; --          ; --         ;
; PARTITION_COLOR                     ; -- (Not supported for targeted family) ; --            ; Contador    ; Top        ;
; PARTITION_FITTER_PRESERVATION_LEVEL ; -- (Not supported for targeted family) ; --            ; Contador    ; Top        ;
; PARTITION_NETLIST_TYPE              ; -- (Not supported for targeted family) ; --            ; Contador    ; Top        ;
; POWER_BOARD_THERMAL_MODEL           ; None (CONSERVATIVE)                    ; --            ; --          ; --         ;
; POWER_PRESET_COOLING_SOLUTION       ; 23 MM HEAT SINK WITH 200 LFPM AIRFLOW  ; --            ; --          ; --         ;
; PROJECT_OUTPUT_DIRECTORY            ; output_files                           ; --            ; --          ; --         ;
; TOP_LEVEL_ENTITY                    ; Contador                               ; FlipFlop      ; --          ; --         ;
+-------------------------------------+----------------------------------------+---------------+-------------+------------+


+--------------------------------------------------------------------------------------------------------------------------+
; Flow Elapsed Time                                                                                                        ;
+----------------------+--------------+-------------------------+---------------------+------------------------------------+
; Module Name          ; Elapsed Time ; Average Processors Used ; Peak Virtual Memory ; Total CPU Time (on all processors) ;
+----------------------+--------------+-------------------------+---------------------+------------------------------------+
; Analysis & Synthesis ; 00:00:14     ; 1.0                     ; 4794 MB             ; 00:00:09                           ;
; Fitter               ; 00:00:09     ; 1.0                     ; 5635 MB             ; 00:00:05                           ;
; Assembler            ; 00:00:03     ; 1.0                     ; 4683 MB             ; 00:00:01                           ;
; Timing Analyzer      ; 00:00:02     ; 1.0                     ; 4815 MB             ; 00:00:01                           ;
; EDA Netlist Writer   ; 00:00:00     ; 1.0                     ; 4628 MB             ; 00:00:00                           ;
; EDA Netlist Writer   ; 00:00:00     ; 1.0                     ; 4636 MB             ; 00:00:00                           ;
; Total                ; 00:00:28     ; --                      ; --                  ; 00:00:16                           ;
+----------------------+--------------+-------------------------+---------------------+------------------------------------+


+------------------------------------------------------------------------------------+
; Flow OS Summary                                                                    ;
+----------------------+------------------+------------+------------+----------------+
; Module Name          ; Machine Hostname ; OS Name    ; OS Version ; Processor type ;
+----------------------+------------------+------------+------------+----------------+
; Analysis & Synthesis ; Joulius          ; Windows 10 ; 10.0       ; x86_64         ;
; Fitter               ; Joulius          ; Windows 10 ; 10.0       ; x86_64         ;
; Assembler            ; Joulius          ; Windows 10 ; 10.0       ; x86_64         ;
; Timing Analyzer      ; Joulius          ; Windows 10 ; 10.0       ; x86_64         ;
; EDA Netlist Writer   ; Joulius          ; Windows 10 ; 10.0       ; x86_64         ;
; EDA Netlist Writer   ; Joulius          ; Windows 10 ; 10.0       ; x86_64         ;
+----------------------+------------------+------------+------------+----------------+


------------
; Flow Log ;
------------
quartus_map --read_settings_files=on --write_settings_files=off FlipFlop -c FlipFlop
quartus_fit --read_settings_files=off --write_settings_files=off FlipFlop -c FlipFlop
quartus_asm --read_settings_files=off --write_settings_files=off FlipFlop -c FlipFlop
quartus_sta FlipFlop -c FlipFlop
quartus_eda --gen_testbench --tool=modelsim_oem --format=vhdl --write_settings_files=off FlipFlop -c FlipFlop --vector_source="E:/Users/jhony/Documents/Jhony/Universidade/UTFPR/2024.1/Circuitos Digitais/MUX/Waveform2.vwf" --testbench_file="E:/Users/jhony/Documents/Jhony/Universidade/UTFPR/2024.1/Circuitos Digitais/MUX/simulation/qsim/Waveform2.vwf.vht"
quartus_eda --write_settings_files=off --simulation=on --functional=on --flatten_buses=off --tool=modelsim_oem --format=vhdl --output_directory="E:/Users/jhony/Documents/Jhony/Universidade/UTFPR/2024.1/Circuitos Digitais/MUX/simulation/qsim/" FlipFlop -c FlipFlop



