Analysis & Synthesis report for Main
Sun Apr 21 22:48:31 2024
Quartus Prime Version 18.1.0 Build 625 09/12/2018 SJ Lite Edition


---------------------
; Table of Contents ;
---------------------
  1. Legal Notice
  2. Analysis & Synthesis Summary
  3. Analysis & Synthesis Settings
  4. Parallel Compilation
  5. Analysis & Synthesis Source Files Read
  6. Analysis & Synthesis Resource Usage Summary
  7. Analysis & Synthesis Resource Utilization by Entity
  8. User-Specified and Inferred Latches
  9. General Register Statistics
 10. Post-Synthesis Netlist Statistics for Top Partition
 11. Elapsed Time Per Partition
 12. Analysis & Synthesis Messages



----------------
; Legal Notice ;
----------------
Copyright (C) 2018  Intel Corporation. All rights reserved.
Your use of Intel Corporation's design tools, logic functions 
and other software and tools, and its AMPP partner logic 
functions, and any output files from any of the foregoing 
(including device programming or simulation files), and any 
associated documentation or information are expressly subject 
to the terms and conditions of the Intel Program License 
Subscription Agreement, the Intel Quartus Prime License Agreement,
the Intel FPGA IP License Agreement, or other applicable license
agreement, including, without limitation, that your use is for
the sole purpose of programming logic devices manufactured by
Intel and sold by Intel or its authorized distributors.  Please
refer to the applicable agreement for further details.



+----------------------------------------------------------------------------------+
; Analysis & Synthesis Summary                                                     ;
+------------------------------------+---------------------------------------------+
; Analysis & Synthesis Status        ; Successful - Sun Apr 21 22:48:31 2024       ;
; Quartus Prime Version              ; 18.1.0 Build 625 09/12/2018 SJ Lite Edition ;
; Revision Name                      ; Main                                        ;
; Top-level Entity Name              ; Main                                        ;
; Family                             ; MAX 10                                      ;
; Total logic elements               ; 16                                          ;
;     Total combinational functions  ; 8                                           ;
;     Dedicated logic registers      ; 8                                           ;
; Total registers                    ; 8                                           ;
; Total pins                         ; 12                                          ;
; Total virtual pins                 ; 0                                           ;
; Total memory bits                  ; 0                                           ;
; Embedded Multiplier 9-bit elements ; 0                                           ;
; Total PLLs                         ; 0                                           ;
; UFM blocks                         ; 0                                           ;
; ADC blocks                         ; 0                                           ;
+------------------------------------+---------------------------------------------+


+------------------------------------------------------------------------------------------------------------+
; Analysis & Synthesis Settings                                                                              ;
+------------------------------------------------------------------+--------------------+--------------------+
; Option                                                           ; Setting            ; Default Value      ;
+------------------------------------------------------------------+--------------------+--------------------+
; Device                                                           ; 10M50DAF484C7G     ;                    ;
; Top-level entity name                                            ; Main               ; Main               ;
; Family name                                                      ; MAX 10             ; Cyclone V          ;
; Use smart compilation                                            ; Off                ; Off                ;
; Enable parallel Assembler and Timing Analyzer during compilation ; On                 ; On                 ;
; Enable compact report table                                      ; Off                ; Off                ;
; Restructure Multiplexers                                         ; Auto               ; Auto               ;
; Create Debugging Nodes for IP Cores                              ; Off                ; Off                ;
; Preserve fewer node names                                        ; On                 ; On                 ;
; Intel FPGA IP Evaluation Mode                                    ; Enable             ; Enable             ;
; Verilog Version                                                  ; Verilog_2001       ; Verilog_2001       ;
; VHDL Version                                                     ; VHDL_1993          ; VHDL_1993          ;
; State Machine Processing                                         ; Auto               ; Auto               ;
; Safe State Machine                                               ; Off                ; Off                ;
; Extract Verilog State Machines                                   ; On                 ; On                 ;
; Extract VHDL State Machines                                      ; On                 ; On                 ;
; Ignore Verilog initial constructs                                ; Off                ; Off                ;
; Iteration limit for constant Verilog loops                       ; 5000               ; 5000               ;
; Iteration limit for non-constant Verilog loops                   ; 250                ; 250                ;
; Add Pass-Through Logic to Inferred RAMs                          ; On                 ; On                 ;
; Infer RAMs from Raw Logic                                        ; On                 ; On                 ;
; Parallel Synthesis                                               ; On                 ; On                 ;
; DSP Block Balancing                                              ; Auto               ; Auto               ;
; NOT Gate Push-Back                                               ; On                 ; On                 ;
; Power-Up Don't Care                                              ; On                 ; On                 ;
; Remove Redundant Logic Cells                                     ; Off                ; Off                ;
; Remove Duplicate Registers                                       ; On                 ; On                 ;
; Ignore CARRY Buffers                                             ; Off                ; Off                ;
; Ignore CASCADE Buffers                                           ; Off                ; Off                ;
; Ignore GLOBAL Buffers                                            ; Off                ; Off                ;
; Ignore ROW GLOBAL Buffers                                        ; Off                ; Off                ;
; Ignore LCELL Buffers                                             ; Off                ; Off                ;
; Ignore SOFT Buffers                                              ; On                 ; On                 ;
; Limit AHDL Integers to 32 Bits                                   ; Off                ; Off                ;
; Optimization Technique                                           ; Balanced           ; Balanced           ;
; Carry Chain Length                                               ; 70                 ; 70                 ;
; Auto Carry Chains                                                ; On                 ; On                 ;
; Auto Open-Drain Pins                                             ; On                 ; On                 ;
; Perform WYSIWYG Primitive Resynthesis                            ; Off                ; Off                ;
; Auto ROM Replacement                                             ; On                 ; On                 ;
; Auto RAM Replacement                                             ; On                 ; On                 ;
; Auto DSP Block Replacement                                       ; On                 ; On                 ;
; Auto Shift Register Replacement                                  ; Auto               ; Auto               ;
; Allow Shift Register Merging across Hierarchies                  ; Auto               ; Auto               ;
; Auto Clock Enable Replacement                                    ; On                 ; On                 ;
; Strict RAM Replacement                                           ; Off                ; Off                ;
; Allow Synchronous Control Signals                                ; On                 ; On                 ;
; Force Use of Synchronous Clear Signals                           ; Off                ; Off                ;
; Auto RAM Block Balancing                                         ; On                 ; On                 ;
; Auto RAM to Logic Cell Conversion                                ; Off                ; Off                ;
; Auto Resource Sharing                                            ; Off                ; Off                ;
; Allow Any RAM Size For Recognition                               ; Off                ; Off                ;
; Allow Any ROM Size For Recognition                               ; Off                ; Off                ;
; Allow Any Shift Register Size For Recognition                    ; Off                ; Off                ;
; Use LogicLock Constraints during Resource Balancing              ; On                 ; On                 ;
; Ignore translate_off and synthesis_off directives                ; Off                ; Off                ;
; Timing-Driven Synthesis                                          ; On                 ; On                 ;
; Report Parameter Settings                                        ; On                 ; On                 ;
; Report Source Assignments                                        ; On                 ; On                 ;
; Report Connectivity Checks                                       ; On                 ; On                 ;
; Ignore Maximum Fan-Out Assignments                               ; Off                ; Off                ;
; Synchronization Register Chain Length                            ; 2                  ; 2                  ;
; Power Optimization During Synthesis                              ; Normal compilation ; Normal compilation ;
; HDL message level                                                ; Level2             ; Level2             ;
; Suppress Register Optimization Related Messages                  ; Off                ; Off                ;
; Number of Removed Registers Reported in Synthesis Report         ; 5000               ; 5000               ;
; Number of Swept Nodes Reported in Synthesis Report               ; 5000               ; 5000               ;
; Number of Inverted Registers Reported in Synthesis Report        ; 100                ; 100                ;
; Clock MUX Protection                                             ; On                 ; On                 ;
; Auto Gated Clock Conversion                                      ; Off                ; Off                ;
; Block Design Naming                                              ; Auto               ; Auto               ;
; SDC constraint protection                                        ; Off                ; Off                ;
; Synthesis Effort                                                 ; Auto               ; Auto               ;
; Shift Register Replacement - Allow Asynchronous Clear Signal     ; On                 ; On                 ;
; Pre-Mapping Resynthesis Optimization                             ; Off                ; Off                ;
; Analysis & Synthesis Message Level                               ; Medium             ; Medium             ;
; Disable Register Merging Across Hierarchies                      ; Auto               ; Auto               ;
; Resource Aware Inference For Block RAM                           ; On                 ; On                 ;
+------------------------------------------------------------------+--------------------+--------------------+


+------------------------------------------+
; Parallel Compilation                     ;
+----------------------------+-------------+
; Processors                 ; Number      ;
+----------------------------+-------------+
; Number detected on machine ; 6           ;
; Maximum allowed            ; 6           ;
;                            ;             ;
; Average used               ; 1.00        ;
; Maximum used               ; 6           ;
;                            ;             ;
; Usage by Processor         ; % Time Used ;
;     Processor 1            ; 100.0%      ;
;     Processor 2            ;   0.0%      ;
;     Processors 3-6         ;   0.0%      ;
+----------------------------+-------------+


+-----------------------------------------------------------------------------------------------------------------------------------------------------------------------------------------------------+
; Analysis & Synthesis Source Files Read                                                                                                                                                              ;
+----------------------------------+-----------------+------------------------------------------+-------------------------------------------------------------------------------------------+---------+
; File Name with User-Entered Path ; Used in Netlist ; File Type                                ; File Name with Absolute Path                                                              ; Library ;
+----------------------------------+-----------------+------------------------------------------+-------------------------------------------------------------------------------------------+---------+
; main.bdf                         ; yes             ; Auto-Found Block Diagram/Schematic File  ; D:/Joule/Documents/Jhony/Universidade/UTFPR/2024.1/.cd/Quartus-Labs/Lab03/main.bdf        ;         ;
; sipo_8_bits.vhd                  ; yes             ; Auto-Found VHDL File                     ; D:/Joule/Documents/Jhony/Universidade/UTFPR/2024.1/.cd/Quartus-Labs/Lab03/sipo_8_bits.vhd ;         ;
+----------------------------------+-----------------+------------------------------------------+-------------------------------------------------------------------------------------------+---------+


+--------------------------------------------------------+
; Analysis & Synthesis Resource Usage Summary            ;
+---------------------------------------------+----------+
; Resource                                    ; Usage    ;
+---------------------------------------------+----------+
; Estimated Total logic elements              ; 16       ;
;                                             ;          ;
; Total combinational functions               ; 8        ;
; Logic element usage by number of LUT inputs ;          ;
;     -- 4 input functions                    ; 0        ;
;     -- 3 input functions                    ; 8        ;
;     -- <=2 input functions                  ; 0        ;
;                                             ;          ;
; Logic elements by mode                      ;          ;
;     -- normal mode                          ; 8        ;
;     -- arithmetic mode                      ; 0        ;
;                                             ;          ;
; Total registers                             ; 8        ;
;     -- Dedicated logic registers            ; 8        ;
;     -- I/O registers                        ; 0        ;
;                                             ;          ;
; I/O pins                                    ; 12       ;
;                                             ;          ;
; Embedded Multiplier 9-bit elements          ; 0        ;
;                                             ;          ;
; Maximum fan-out node                        ; EN~input ;
; Maximum fan-out                             ; 8        ;
; Total fan-out                               ; 68       ;
; Average fan-out                             ; 1.70     ;
+---------------------------------------------+----------+


+---------------------------------------------------------------------------------------------------------------------------------------------------------------------------------------------------------------------------------------+
; Analysis & Synthesis Resource Utilization by Entity                                                                                                                                                                                   ;
+----------------------------+---------------------+---------------------------+-------------+------------+--------------+---------+-----------+------+--------------+------------+------------------------+-------------+--------------+
; Compilation Hierarchy Node ; Combinational ALUTs ; Dedicated Logic Registers ; Memory Bits ; UFM Blocks ; DSP Elements ; DSP 9x9 ; DSP 18x18 ; Pins ; Virtual Pins ; ADC blocks ; Full Hierarchy Name    ; Entity Name ; Library Name ;
+----------------------------+---------------------+---------------------------+-------------+------------+--------------+---------+-----------+------+--------------+------------+------------------------+-------------+--------------+
; |Main                      ; 8 (0)               ; 8 (0)                     ; 0           ; 0          ; 0            ; 0       ; 0         ; 12   ; 0            ; 0          ; |Main                  ; Main        ; work         ;
;    |SIPO_8_BITS:inst|      ; 8 (8)               ; 8 (8)                     ; 0           ; 0          ; 0            ; 0       ; 0         ; 0    ; 0            ; 0          ; |Main|SIPO_8_BITS:inst ; SIPO_8_BITS ; work         ;
+----------------------------+---------------------+---------------------------+-------------+------------+--------------+---------+-----------+------+--------------+------------+------------------------+-------------+--------------+
Note: For table entries with two numbers listed, the numbers in parentheses indicate the number of resources of the given type used by the specific entity alone. The numbers listed outside of parentheses indicate the total resources of the given type used by the specific entity and all of its sub-entities in the hierarchy.


+---------------------------------------------------------------------------------------------------+
; User-Specified and Inferred Latches                                                               ;
+----------------------------------------------------+---------------------+------------------------+
; Latch Name                                         ; Latch Enable Signal ; Free of Timing Hazards ;
+----------------------------------------------------+---------------------+------------------------+
; SIPO_8_BITS:inst|QO                                ; EN                  ; yes                    ;
; SIPO_8_BITS:inst|Q1                                ; EN                  ; yes                    ;
; SIPO_8_BITS:inst|Q2                                ; EN                  ; yes                    ;
; SIPO_8_BITS:inst|Q3                                ; EN                  ; yes                    ;
; SIPO_8_BITS:inst|Q4                                ; EN                  ; yes                    ;
; SIPO_8_BITS:inst|Q5                                ; EN                  ; yes                    ;
; SIPO_8_BITS:inst|Q6                                ; EN                  ; yes                    ;
; SIPO_8_BITS:inst|Q7                                ; EN                  ; yes                    ;
; Number of user-specified and inferred latches = 8  ;                     ;                        ;
+----------------------------------------------------+---------------------+------------------------+
Note: All latches listed above may not be present at the end of synthesis due to various synthesis optimizations.


+------------------------------------------------------+
; General Register Statistics                          ;
+----------------------------------------------+-------+
; Statistic                                    ; Value ;
+----------------------------------------------+-------+
; Total registers                              ; 8     ;
; Number of registers using Synchronous Clear  ; 0     ;
; Number of registers using Synchronous Load   ; 0     ;
; Number of registers using Asynchronous Clear ; 8     ;
; Number of registers using Asynchronous Load  ; 0     ;
; Number of registers using Clock Enable       ; 0     ;
; Number of registers using Preset             ; 0     ;
+----------------------------------------------+-------+


+-----------------------------------------------------+
; Post-Synthesis Netlist Statistics for Top Partition ;
+-----------------------+-----------------------------+
; Type                  ; Count                       ;
+-----------------------+-----------------------------+
; boundary_port         ; 12                          ;
; cycloneiii_ff         ; 8                           ;
;     CLR               ; 8                           ;
; cycloneiii_lcell_comb ; 8                           ;
;     normal            ; 8                           ;
;         3 data inputs ; 8                           ;
;                       ;                             ;
; Max LUT depth         ; 1.00                        ;
; Average LUT depth     ; 0.89                        ;
+-----------------------+-----------------------------+


+-------------------------------+
; Elapsed Time Per Partition    ;
+----------------+--------------+
; Partition Name ; Elapsed Time ;
+----------------+--------------+
; Top            ; 00:00:00     ;
+----------------+--------------+


+-------------------------------+
; Analysis & Synthesis Messages ;
+-------------------------------+
Info: *******************************************************************
Info: Running Quartus Prime Analysis & Synthesis
    Info: Version 18.1.0 Build 625 09/12/2018 SJ Lite Edition
    Info: Processing started: Sun Apr 21 22:48:19 2024
Info: Command: quartus_map --read_settings_files=on --write_settings_files=off Main -c Main
Warning (18236): Number of processors has not been specified which may cause overloading on shared machines.  Set the global assignment NUM_PARALLEL_PROCESSORS in your QSF to an appropriate value for best performance.
Info (20030): Parallel compilation is enabled and will use 6 of the 6 processors detected
Info (12021): Found 1 design units, including 1 entities, in source file hex_to_7seg_decoder.bdf
    Info (12023): Found entity 1: HEX_TO_7SEG_DECODER
Info (12021): Found 2 design units, including 1 entities, in source file piso_8_bits.vhd
    Info (12022): Found design unit 1: PISO_8_BITS-func File: D:/Joule/Documents/Jhony/Universidade/UTFPR/2024.1/.cd/Quartus-Labs/Lab03/PISO_8_BITS.vhd Line: 13
    Info (12023): Found entity 1: PISO_8_BITS File: D:/Joule/Documents/Jhony/Universidade/UTFPR/2024.1/.cd/Quartus-Labs/Lab03/PISO_8_BITS.vhd Line: 4
Info (12021): Found 2 design units, including 1 entities, in source file load_x_deslocamento.vhd
    Info (12022): Found design unit 1: LOAD_X_DESLOCAMENTO-func File: D:/Joule/Documents/Jhony/Universidade/UTFPR/2024.1/.cd/Quartus-Labs/Lab03/LOAD_X_DESLOCAMENTO.vhd Line: 11
    Info (12023): Found entity 1: LOAD_X_DESLOCAMENTO File: D:/Joule/Documents/Jhony/Universidade/UTFPR/2024.1/.cd/Quartus-Labs/Lab03/LOAD_X_DESLOCAMENTO.vhd Line: 4
Info (12021): Found 1 design units, including 1 entities, in source file tmp.bdf
    Info (12023): Found entity 1: tmp
Warning (12125): Using design file main.bdf, which is not specified as a design file for the current project, but contains definitions for 1 design units and 1 entities in project
    Info (12023): Found entity 1: Main
Info (12127): Elaborating entity "Main" for the top level hierarchy
Warning (12125): Using design file sipo_8_bits.vhd, which is not specified as a design file for the current project, but contains definitions for 2 design units and 1 entities in project
    Info (12022): Found design unit 1: SIPO_8_BITS-behavioral File: D:/Joule/Documents/Jhony/Universidade/UTFPR/2024.1/.cd/Quartus-Labs/Lab03/sipo_8_bits.vhd Line: 21
    Info (12023): Found entity 1: SIPO_8_BITS File: D:/Joule/Documents/Jhony/Universidade/UTFPR/2024.1/.cd/Quartus-Labs/Lab03/sipo_8_bits.vhd Line: 4
Info (12128): Elaborating entity "SIPO_8_BITS" for hierarchy "SIPO_8_BITS:inst"
Warning (10492): VHDL Process Statement warning at sipo_8_bits.vhd(41): signal "OUTPUT_ENABLE" is read inside the Process Statement but isn't in the Process Statement's sensitivity list File: D:/Joule/Documents/Jhony/Universidade/UTFPR/2024.1/.cd/Quartus-Labs/Lab03/sipo_8_bits.vhd Line: 41
Warning (10492): VHDL Process Statement warning at sipo_8_bits.vhd(42): signal "data" is read inside the Process Statement but isn't in the Process Statement's sensitivity list File: D:/Joule/Documents/Jhony/Universidade/UTFPR/2024.1/.cd/Quartus-Labs/Lab03/sipo_8_bits.vhd Line: 42
Warning (10492): VHDL Process Statement warning at sipo_8_bits.vhd(43): signal "data" is read inside the Process Statement but isn't in the Process Statement's sensitivity list File: D:/Joule/Documents/Jhony/Universidade/UTFPR/2024.1/.cd/Quartus-Labs/Lab03/sipo_8_bits.vhd Line: 43
Warning (10492): VHDL Process Statement warning at sipo_8_bits.vhd(44): signal "data" is read inside the Process Statement but isn't in the Process Statement's sensitivity list File: D:/Joule/Documents/Jhony/Universidade/UTFPR/2024.1/.cd/Quartus-Labs/Lab03/sipo_8_bits.vhd Line: 44
Warning (10492): VHDL Process Statement warning at sipo_8_bits.vhd(45): signal "data" is read inside the Process Statement but isn't in the Process Statement's sensitivity list File: D:/Joule/Documents/Jhony/Universidade/UTFPR/2024.1/.cd/Quartus-Labs/Lab03/sipo_8_bits.vhd Line: 45
Warning (10492): VHDL Process Statement warning at sipo_8_bits.vhd(46): signal "data" is read inside the Process Statement but isn't in the Process Statement's sensitivity list File: D:/Joule/Documents/Jhony/Universidade/UTFPR/2024.1/.cd/Quartus-Labs/Lab03/sipo_8_bits.vhd Line: 46
Warning (10492): VHDL Process Statement warning at sipo_8_bits.vhd(47): signal "data" is read inside the Process Statement but isn't in the Process Statement's sensitivity list File: D:/Joule/Documents/Jhony/Universidade/UTFPR/2024.1/.cd/Quartus-Labs/Lab03/sipo_8_bits.vhd Line: 47
Warning (10492): VHDL Process Statement warning at sipo_8_bits.vhd(48): signal "data" is read inside the Process Statement but isn't in the Process Statement's sensitivity list File: D:/Joule/Documents/Jhony/Universidade/UTFPR/2024.1/.cd/Quartus-Labs/Lab03/sipo_8_bits.vhd Line: 48
Warning (10492): VHDL Process Statement warning at sipo_8_bits.vhd(49): signal "data" is read inside the Process Statement but isn't in the Process Statement's sensitivity list File: D:/Joule/Documents/Jhony/Universidade/UTFPR/2024.1/.cd/Quartus-Labs/Lab03/sipo_8_bits.vhd Line: 49
Warning (10631): VHDL Process Statement warning at sipo_8_bits.vhd(24): inferring latch(es) for signal or variable "QO", which holds its previous value in one or more paths through the process File: D:/Joule/Documents/Jhony/Universidade/UTFPR/2024.1/.cd/Quartus-Labs/Lab03/sipo_8_bits.vhd Line: 24
Warning (10631): VHDL Process Statement warning at sipo_8_bits.vhd(24): inferring latch(es) for signal or variable "Q1", which holds its previous value in one or more paths through the process File: D:/Joule/Documents/Jhony/Universidade/UTFPR/2024.1/.cd/Quartus-Labs/Lab03/sipo_8_bits.vhd Line: 24
Warning (10631): VHDL Process Statement warning at sipo_8_bits.vhd(24): inferring latch(es) for signal or variable "Q2", which holds its previous value in one or more paths through the process File: D:/Joule/Documents/Jhony/Universidade/UTFPR/2024.1/.cd/Quartus-Labs/Lab03/sipo_8_bits.vhd Line: 24
Warning (10631): VHDL Process Statement warning at sipo_8_bits.vhd(24): inferring latch(es) for signal or variable "Q3", which holds its previous value in one or more paths through the process File: D:/Joule/Documents/Jhony/Universidade/UTFPR/2024.1/.cd/Quartus-Labs/Lab03/sipo_8_bits.vhd Line: 24
Warning (10631): VHDL Process Statement warning at sipo_8_bits.vhd(24): inferring latch(es) for signal or variable "Q4", which holds its previous value in one or more paths through the process File: D:/Joule/Documents/Jhony/Universidade/UTFPR/2024.1/.cd/Quartus-Labs/Lab03/sipo_8_bits.vhd Line: 24
Warning (10631): VHDL Process Statement warning at sipo_8_bits.vhd(24): inferring latch(es) for signal or variable "Q5", which holds its previous value in one or more paths through the process File: D:/Joule/Documents/Jhony/Universidade/UTFPR/2024.1/.cd/Quartus-Labs/Lab03/sipo_8_bits.vhd Line: 24
Warning (10631): VHDL Process Statement warning at sipo_8_bits.vhd(24): inferring latch(es) for signal or variable "Q6", which holds its previous value in one or more paths through the process File: D:/Joule/Documents/Jhony/Universidade/UTFPR/2024.1/.cd/Quartus-Labs/Lab03/sipo_8_bits.vhd Line: 24
Warning (10631): VHDL Process Statement warning at sipo_8_bits.vhd(24): inferring latch(es) for signal or variable "Q7", which holds its previous value in one or more paths through the process File: D:/Joule/Documents/Jhony/Universidade/UTFPR/2024.1/.cd/Quartus-Labs/Lab03/sipo_8_bits.vhd Line: 24
Info (10041): Inferred latch for "Q7" at sipo_8_bits.vhd(24) File: D:/Joule/Documents/Jhony/Universidade/UTFPR/2024.1/.cd/Quartus-Labs/Lab03/sipo_8_bits.vhd Line: 24
Info (10041): Inferred latch for "Q6" at sipo_8_bits.vhd(24) File: D:/Joule/Documents/Jhony/Universidade/UTFPR/2024.1/.cd/Quartus-Labs/Lab03/sipo_8_bits.vhd Line: 24
Info (10041): Inferred latch for "Q5" at sipo_8_bits.vhd(24) File: D:/Joule/Documents/Jhony/Universidade/UTFPR/2024.1/.cd/Quartus-Labs/Lab03/sipo_8_bits.vhd Line: 24
Info (10041): Inferred latch for "Q4" at sipo_8_bits.vhd(24) File: D:/Joule/Documents/Jhony/Universidade/UTFPR/2024.1/.cd/Quartus-Labs/Lab03/sipo_8_bits.vhd Line: 24
Info (10041): Inferred latch for "Q3" at sipo_8_bits.vhd(24) File: D:/Joule/Documents/Jhony/Universidade/UTFPR/2024.1/.cd/Quartus-Labs/Lab03/sipo_8_bits.vhd Line: 24
Info (10041): Inferred latch for "Q2" at sipo_8_bits.vhd(24) File: D:/Joule/Documents/Jhony/Universidade/UTFPR/2024.1/.cd/Quartus-Labs/Lab03/sipo_8_bits.vhd Line: 24
Info (10041): Inferred latch for "Q1" at sipo_8_bits.vhd(24) File: D:/Joule/Documents/Jhony/Universidade/UTFPR/2024.1/.cd/Quartus-Labs/Lab03/sipo_8_bits.vhd Line: 24
Info (10041): Inferred latch for "QO" at sipo_8_bits.vhd(24) File: D:/Joule/Documents/Jhony/Universidade/UTFPR/2024.1/.cd/Quartus-Labs/Lab03/sipo_8_bits.vhd Line: 24
Info (286030): Timing-Driven Synthesis is running
Info (16010): Generating hard_block partition "hard_block:auto_generated_inst"
    Info (16011): Adding 0 node(s), including 0 DDIO, 0 PLL, 0 transceiver and 0 LCELL
Info (21057): Implemented 28 device resources after synthesis - the final resource count might be different
    Info (21058): Implemented 4 input pins
    Info (21059): Implemented 8 output pins
    Info (21061): Implemented 16 logic cells
Info: Quartus Prime Analysis & Synthesis was successful. 0 errors, 20 warnings
    Info: Peak virtual memory: 4808 megabytes
    Info: Processing ended: Sun Apr 21 22:48:31 2024
    Info: Elapsed time: 00:00:12
    Info: Total CPU time (on all processors): 00:00:07


